<?xml version="1.0" encoding="UTF-8"?>
<testsuite xmlns:xsi="http://www.w3.org/2001/XMLSchema-instance" xsi:noNamespaceSchemaLocation="https://maven.apache.org/surefire/maven-surefire-plugin/xsd/surefire-test-report-3.0.xsd" version="3.0" name="QueryOutputFormatTest" time="9.478" tests="11" errors="2" skipped="0" failures="4">
  <properties>
[...]
</properties>
  <testcase name="testGetMethodNamesOfRequiredIndices" classname="QueryOutputFormatTest" time="1.349">
    <system-err><![CDATA[2022-03-12 11:29:42 INFO  core:537 - [com.couchbase.core][CoreCreatedEvent] {"clientVersion":"3.2.1","clientGitHash":"${buildNumber}","coreVersion":"2.2.1","coreGitHash":"${buildNumber}","userAgent":"couchbase-java/3.2.1 (Windows 10 10.0 amd64; OpenJDK 64-Bit Server VM 17+35-2724)","maxNumRequestsInRetry":32768,"ioEnvironment":{"nativeIoEnabled":true,"eventLoopThreadCount":4,"eventLoopGroups":["NioEventLoopGroup"]},"ioConfig":{"captureTraffic":[],"mutationTokensEnabled":true,"networkResolution":"auto","dnsSrvEnabled":true,"tcpKeepAlivesEnabled":true,"tcpKeepAliveTimeMs":60000,"configPollIntervalMs":2500,"kvCircuitBreakerConfig":"disabled","queryCircuitBreakerConfig":"disabled","viewCircuitBreakerConfig":"disabled","searchCircuitBreakerConfig":"disabled","analyticsCircuitBreakerConfig":"disabled","managerCircuitBreakerConfig":"disabled","eventingCircuitBreakerConfig":"disabled","numKvConnections":1,"maxHttpConnections":12,"idleHttpConnectionTimeoutMs":4500,"configIdleRedialTimeoutMs":300000,"memcachedHashingStrategy":"StandardMemcachedHashingStrategy"},"compressionConfig":{"enabled":true,"minRatio":0.83,"minSize":32},"securityConfig":{"tlsEnabled":false,"nativeTlsEnabled":true,"hostnameVerificationEnabled":true,"hasTrustCertificates":false,"trustManagerFactory":null,"ciphers":[]},"timeoutConfig":{"kvMs":2500,"kvDurableMs":10000,"managementMs":75000,"queryMs":75000,"viewMs":75000,"searchMs":75000,"analyticsMs":75000,"connectMs":10000,"disconnectMs":10000,"eventingMs":75000},"loggerConfig":{"customLogger":null,"fallbackToConsole":false,"consoleLogLevel":{"name":"INFO","resourceBundleName":"sun.util.logging.resources.logging","localizedName":"INFO"},"disableSlf4j":false,"loggerName":"CouchbaseLogger","diagnosticContextEnabled":false},"orphanReporterConfig":{"emitIntervalMs":10000,"sampleSize":10,"queueLength":1024,"enabled":true},"thresholdLoggingTracerConfig":{"enabled":true,"emitIntervalMs":10000,"sampleSize":10,"queueLength":1024,"kvThresholdMs":500,"queryThresholdMs":1000,"searchThresholdMs":1000,"analyticsThresholdMs":1000,"viewThresholdMs":1000},"loggingMeterConfig":{"enabled":true,"emitIntervalMs":600000},"retryStrategy":"BestEffortRetryStrategy","requestTracer":"ThresholdLoggingTracer","meter":"LoggingMeter","numRequestCallbacks":0} {"coreId":"0xaaf4149500000001","seedNodes":[{"address":"127.0.0.1"}]}
2022-03-12 11:29:42 INFO  node:537 - [com.couchbase.node][NodeConnectedEvent] Node connected {"coreId":"0xaaf4149500000001","managerPort":"8091","remote":"127.0.0.1"}
2022-03-12 11:29:42 INFO  node:537 - [com.couchbase.node][NodeDisconnectedEvent][4273us] Node disconnected {"coreId":"0xaaf4149500000001","managerPort":"8091","remote":"127.0.0.1"}
2022-03-12 11:29:42 INFO  core:537 - [com.couchbase.core][ShutdownCompletedEvent][33ms] Completed shutdown and closed all open buckets {"coreId":"0xaaf4149500000001"}
]]></system-err>
  </testcase>
  <testcase name="testPlentifulDirectorsQuery" classname="QueryOutputFormatTest" time="1.02">
    <failure type="java.lang.AssertionError"><![CDATA[java.lang.AssertionError: 

Expecting ArrayList:
  ["nb_movies", "director"]
to contain only:
  ["director_name", "count_film"]
element(s) not found:
  ["director_name", "count_film"]
and element(s) not expected:
  ["nb_movies", "director"]

	at QueryOutputFormatTest.testPlentifulDirectorsQuery(QueryOutputFormatTest.java:99)
]]></failure>
    <system-err><![CDATA[2022-03-12 11:29:42 INFO  core:537 - [com.couchbase.core][CoreCreatedEvent] {"clientVersion":"3.2.1","clientGitHash":"${buildNumber}","coreVersion":"2.2.1","coreGitHash":"${buildNumber}","userAgent":"couchbase-java/3.2.1 (Windows 10 10.0 amd64; OpenJDK 64-Bit Server VM 17+35-2724)","maxNumRequestsInRetry":32768,"ioEnvironment":{"nativeIoEnabled":true,"eventLoopThreadCount":4,"eventLoopGroups":["NioEventLoopGroup"]},"ioConfig":{"captureTraffic":[],"mutationTokensEnabled":true,"networkResolution":"auto","dnsSrvEnabled":true,"tcpKeepAlivesEnabled":true,"tcpKeepAliveTimeMs":60000,"configPollIntervalMs":2500,"kvCircuitBreakerConfig":"disabled","queryCircuitBreakerConfig":"disabled","viewCircuitBreakerConfig":"disabled","searchCircuitBreakerConfig":"disabled","analyticsCircuitBreakerConfig":"disabled","managerCircuitBreakerConfig":"disabled","eventingCircuitBreakerConfig":"disabled","numKvConnections":1,"maxHttpConnections":12,"idleHttpConnectionTimeoutMs":4500,"configIdleRedialTimeoutMs":300000,"memcachedHashingStrategy":"StandardMemcachedHashingStrategy"},"compressionConfig":{"enabled":true,"minRatio":0.83,"minSize":32},"securityConfig":{"tlsEnabled":false,"nativeTlsEnabled":true,"hostnameVerificationEnabled":true,"hasTrustCertificates":false,"trustManagerFactory":null,"ciphers":[]},"timeoutConfig":{"kvMs":2500,"kvDurableMs":10000,"managementMs":75000,"queryMs":75000,"viewMs":75000,"searchMs":75000,"analyticsMs":75000,"connectMs":10000,"disconnectMs":10000,"eventingMs":75000},"loggerConfig":{"customLogger":null,"fallbackToConsole":false,"consoleLogLevel":{"name":"INFO","resourceBundleName":"sun.util.logging.resources.logging","localizedName":"INFO"},"disableSlf4j":false,"loggerName":"CouchbaseLogger","diagnosticContextEnabled":false},"orphanReporterConfig":{"emitIntervalMs":10000,"sampleSize":10,"queueLength":1024,"enabled":true},"thresholdLoggingTracerConfig":{"enabled":true,"emitIntervalMs":10000,"sampleSize":10,"queueLength":1024,"kvThresholdMs":500,"queryThresholdMs":1000,"searchThresholdMs":1000,"analyticsThresholdMs":1000,"viewThresholdMs":1000},"loggingMeterConfig":{"enabled":true,"emitIntervalMs":600000},"retryStrategy":"BestEffortRetryStrategy","requestTracer":"ThresholdLoggingTracer","meter":"LoggingMeter","numRequestCallbacks":0} {"coreId":"0xaaf4149500000002","seedNodes":[{"address":"127.0.0.1"}]}
2022-03-12 11:29:42 INFO  node:537 - [com.couchbase.node][NodeConnectedEvent] Node connected {"coreId":"0xaaf4149500000002","managerPort":"8091","remote":"127.0.0.1"}
2022-03-12 11:29:43 INFO  node:537 - [com.couchbase.node][NodeDisconnectedEvent][743us] Node disconnected {"coreId":"0xaaf4149500000002","managerPort":"8091","remote":"127.0.0.1"}
2022-03-12 11:29:43 INFO  core:537 - [com.couchbase.core][ShutdownCompletedEvent][13ms] Completed shutdown and closed all open buckets {"coreId":"0xaaf4149500000002"}
]]></system-err>
  </testcase>
  <testcase name="testBestMoviesOfActorQuery" classname="QueryOutputFormatTest" time="0.644">
    <failure type="java.lang.AssertionError"><![CDATA[java.lang.AssertionError: 

Expecting ArrayList:
  ["cast", "rating", "id"]
to contain only:
  ["imdb_id", "rating", "cast"]
element(s) not found:
  ["imdb_id"]
and element(s) not expected:
  ["id"]

	at QueryOutputFormatTest.testBestMoviesOfActorQuery(QueryOutputFormatTest.java:90)
]]></failure>
    <system-err><![CDATA[2022-03-12 11:29:43 INFO  core:537 - [com.couchbase.core][CoreCreatedEvent] {"clientVersion":"3.2.1","clientGitHash":"${buildNumber}","coreVersion":"2.2.1","coreGitHash":"${buildNumber}","userAgent":"couchbase-java/3.2.1 (Windows 10 10.0 amd64; OpenJDK 64-Bit Server VM 17+35-2724)","maxNumRequestsInRetry":32768,"ioEnvironment":{"nativeIoEnabled":true,"eventLoopThreadCount":4,"eventLoopGroups":["NioEventLoopGroup"]},"ioConfig":{"captureTraffic":[],"mutationTokensEnabled":true,"networkResolution":"auto","dnsSrvEnabled":true,"tcpKeepAlivesEnabled":true,"tcpKeepAliveTimeMs":60000,"configPollIntervalMs":2500,"kvCircuitBreakerConfig":"disabled","queryCircuitBreakerConfig":"disabled","viewCircuitBreakerConfig":"disabled","searchCircuitBreakerConfig":"disabled","analyticsCircuitBreakerConfig":"disabled","managerCircuitBreakerConfig":"disabled","eventingCircuitBreakerConfig":"disabled","numKvConnections":1,"maxHttpConnections":12,"idleHttpConnectionTimeoutMs":4500,"configIdleRedialTimeoutMs":300000,"memcachedHashingStrategy":"StandardMemcachedHashingStrategy"},"compressionConfig":{"enabled":true,"minRatio":0.83,"minSize":32},"securityConfig":{"tlsEnabled":false,"nativeTlsEnabled":true,"hostnameVerificationEnabled":true,"hasTrustCertificates":false,"trustManagerFactory":null,"ciphers":[]},"timeoutConfig":{"kvMs":2500,"kvDurableMs":10000,"managementMs":75000,"queryMs":75000,"viewMs":75000,"searchMs":75000,"analyticsMs":75000,"connectMs":10000,"disconnectMs":10000,"eventingMs":75000},"loggerConfig":{"customLogger":null,"fallbackToConsole":false,"consoleLogLevel":{"name":"INFO","resourceBundleName":"sun.util.logging.resources.logging","localizedName":"INFO"},"disableSlf4j":false,"loggerName":"CouchbaseLogger","diagnosticContextEnabled":false},"orphanReporterConfig":{"emitIntervalMs":10000,"sampleSize":10,"queueLength":1024,"enabled":true},"thresholdLoggingTracerConfig":{"enabled":true,"emitIntervalMs":10000,"sampleSize":10,"queueLength":1024,"kvThresholdMs":500,"queryThresholdMs":1000,"searchThresholdMs":1000,"analyticsThresholdMs":1000,"viewThresholdMs":1000},"loggingMeterConfig":{"enabled":true,"emitIntervalMs":600000},"retryStrategy":"BestEffortRetryStrategy","requestTracer":"ThresholdLoggingTracer","meter":"LoggingMeter","numRequestCallbacks":0} {"coreId":"0xaaf4149500000003","seedNodes":[{"address":"127.0.0.1"}]}
2022-03-12 11:29:43 INFO  node:537 - [com.couchbase.node][NodeConnectedEvent] Node connected {"coreId":"0xaaf4149500000003","managerPort":"8091","remote":"127.0.0.1"}
2022-03-12 11:29:44 INFO  node:537 - [com.couchbase.node][NodeDisconnectedEvent][310us] Node disconnected {"coreId":"0xaaf4149500000003","managerPort":"8091","remote":"127.0.0.1"}
2022-03-12 11:29:44 INFO  core:537 - [com.couchbase.core][ShutdownCompletedEvent][12ms] Completed shutdown and closed all open buckets {"coreId":"0xaaf4149500000003"}
]]></system-err>
  </testcase>
  <testcase name="testTopReviewersQuery" classname="QueryOutputFormatTest" time="0.993">
    <system-err><![CDATA[2022-03-12 11:29:44 INFO  core:537 - [com.couchbase.core][CoreCreatedEvent] {"clientVersion":"3.2.1","clientGitHash":"${buildNumber}","coreVersion":"2.2.1","coreGitHash":"${buildNumber}","userAgent":"couchbase-java/3.2.1 (Windows 10 10.0 amd64; OpenJDK 64-Bit Server VM 17+35-2724)","maxNumRequestsInRetry":32768,"ioEnvironment":{"nativeIoEnabled":true,"eventLoopThreadCount":4,"eventLoopGroups":["NioEventLoopGroup"]},"ioConfig":{"captureTraffic":[],"mutationTokensEnabled":true,"networkResolution":"auto","dnsSrvEnabled":true,"tcpKeepAlivesEnabled":true,"tcpKeepAliveTimeMs":60000,"configPollIntervalMs":2500,"kvCircuitBreakerConfig":"disabled","queryCircuitBreakerConfig":"disabled","viewCircuitBreakerConfig":"disabled","searchCircuitBreakerConfig":"disabled","analyticsCircuitBreakerConfig":"disabled","managerCircuitBreakerConfig":"disabled","eventingCircuitBreakerConfig":"disabled","numKvConnections":1,"maxHttpConnections":12,"idleHttpConnectionTimeoutMs":4500,"configIdleRedialTimeoutMs":300000,"memcachedHashingStrategy":"StandardMemcachedHashingStrategy"},"compressionConfig":{"enabled":true,"minRatio":0.83,"minSize":32},"securityConfig":{"tlsEnabled":false,"nativeTlsEnabled":true,"hostnameVerificationEnabled":true,"hasTrustCertificates":false,"trustManagerFactory":null,"ciphers":[]},"timeoutConfig":{"kvMs":2500,"kvDurableMs":10000,"managementMs":75000,"queryMs":75000,"viewMs":75000,"searchMs":75000,"analyticsMs":75000,"connectMs":10000,"disconnectMs":10000,"eventingMs":75000},"loggerConfig":{"customLogger":null,"fallbackToConsole":false,"consoleLogLevel":{"name":"INFO","resourceBundleName":"sun.util.logging.resources.logging","localizedName":"INFO"},"disableSlf4j":false,"loggerName":"CouchbaseLogger","diagnosticContextEnabled":false},"orphanReporterConfig":{"emitIntervalMs":10000,"sampleSize":10,"queueLength":1024,"enabled":true},"thresholdLoggingTracerConfig":{"enabled":true,"emitIntervalMs":10000,"sampleSize":10,"queueLength":1024,"kvThresholdMs":500,"queryThresholdMs":1000,"searchThresholdMs":1000,"analyticsThresholdMs":1000,"viewThresholdMs":1000},"loggingMeterConfig":{"enabled":true,"emitIntervalMs":600000},"retryStrategy":"BestEffortRetryStrategy","requestTracer":"ThresholdLoggingTracer","meter":"LoggingMeter","numRequestCallbacks":0} {"coreId":"0xaaf4149500000004","seedNodes":[{"address":"127.0.0.1"}]}
2022-03-12 11:29:44 INFO  node:537 - [com.couchbase.node][NodeConnectedEvent] Node connected {"coreId":"0xaaf4149500000004","managerPort":"8091","remote":"127.0.0.1"}
2022-03-12 11:29:45 INFO  node:537 - [com.couchbase.node][NodeDisconnectedEvent][355us] Node disconnected {"coreId":"0xaaf4149500000004","managerPort":"8091","remote":"127.0.0.1"}
2022-03-12 11:29:45 INFO  core:537 - [com.couchbase.core][ShutdownCompletedEvent][12ms] Completed shutdown and closed all open buckets {"coreId":"0xaaf4149500000004"}
]]></system-err>
  </testcase>
  <testcase name="testInconsistentRatingQuery" classname="QueryOutputFormatTest" time="0.781">
    <system-err><![CDATA[2022-03-12 11:29:45 INFO  core:537 - [com.couchbase.core][CoreCreatedEvent] {"clientVersion":"3.2.1","clientGitHash":"${buildNumber}","coreVersion":"2.2.1","coreGitHash":"${buildNumber}","userAgent":"couchbase-java/3.2.1 (Windows 10 10.0 amd64; OpenJDK 64-Bit Server VM 17+35-2724)","maxNumRequestsInRetry":32768,"ioEnvironment":{"nativeIoEnabled":true,"eventLoopThreadCount":4,"eventLoopGroups":["NioEventLoopGroup"]},"ioConfig":{"captureTraffic":[],"mutationTokensEnabled":true,"networkResolution":"auto","dnsSrvEnabled":true,"tcpKeepAlivesEnabled":true,"tcpKeepAliveTimeMs":60000,"configPollIntervalMs":2500,"kvCircuitBreakerConfig":"disabled","queryCircuitBreakerConfig":"disabled","viewCircuitBreakerConfig":"disabled","searchCircuitBreakerConfig":"disabled","analyticsCircuitBreakerConfig":"disabled","managerCircuitBreakerConfig":"disabled","eventingCircuitBreakerConfig":"disabled","numKvConnections":1,"maxHttpConnections":12,"idleHttpConnectionTimeoutMs":4500,"configIdleRedialTimeoutMs":300000,"memcachedHashingStrategy":"StandardMemcachedHashingStrategy"},"compressionConfig":{"enabled":true,"minRatio":0.83,"minSize":32},"securityConfig":{"tlsEnabled":false,"nativeTlsEnabled":true,"hostnameVerificationEnabled":true,"hasTrustCertificates":false,"trustManagerFactory":null,"ciphers":[]},"timeoutConfig":{"kvMs":2500,"kvDurableMs":10000,"managementMs":75000,"queryMs":75000,"viewMs":75000,"searchMs":75000,"analyticsMs":75000,"connectMs":10000,"disconnectMs":10000,"eventingMs":75000},"loggerConfig":{"customLogger":null,"fallbackToConsole":false,"consoleLogLevel":{"name":"INFO","resourceBundleName":"sun.util.logging.resources.logging","localizedName":"INFO"},"disableSlf4j":false,"loggerName":"CouchbaseLogger","diagnosticContextEnabled":false},"orphanReporterConfig":{"emitIntervalMs":10000,"sampleSize":10,"queueLength":1024,"enabled":true},"thresholdLoggingTracerConfig":{"enabled":true,"emitIntervalMs":10000,"sampleSize":10,"queueLength":1024,"kvThresholdMs":500,"queryThresholdMs":1000,"searchThresholdMs":1000,"analyticsThresholdMs":1000,"viewThresholdMs":1000},"loggingMeterConfig":{"enabled":true,"emitIntervalMs":600000},"retryStrategy":"BestEffortRetryStrategy","requestTracer":"ThresholdLoggingTracer","meter":"LoggingMeter","numRequestCallbacks":0} {"coreId":"0xaaf4149500000005","seedNodes":[{"address":"127.0.0.1"}]}
2022-03-12 11:29:45 INFO  node:537 - [com.couchbase.node][NodeConnectedEvent] Node connected {"coreId":"0xaaf4149500000005","managerPort":"8091","remote":"127.0.0.1"}
2022-03-12 11:29:45 INFO  node:537 - [com.couchbase.node][NodeDisconnectedEvent][207us] Node disconnected {"coreId":"0xaaf4149500000005","managerPort":"8091","remote":"127.0.0.1"}
2022-03-12 11:29:45 INFO  core:537 - [com.couchbase.core][ShutdownCompletedEvent][11ms] Completed shutdown and closed all open buckets {"coreId":"0xaaf4149500000005"}
]]></system-err>
  </testcase>
  <testcase name="testHiddenGemQuery" classname="QueryOutputFormatTest" time="0.518">
    <error type="com.couchbase.client.core.error.DecodingFailureException"><![CDATA[com.couchbase.client.core.error.DecodingFailureException: Deserialization of content into target class com.couchbase.client.java.json.JsonObject failed; encoded = "Short Term 12"
	at QueryOutputFormatTest.testHiddenGemQuery(QueryOutputFormatTest.java:70)
Caused by: java.io.IOException: Expected START_OBJECT but got VALUE_STRING
	at QueryOutputFormatTest.testHiddenGemQuery(QueryOutputFormatTest.java:70)
]]></error>
    <system-err><![CDATA[2022-03-12 11:29:45 INFO  core:537 - [com.couchbase.core][CoreCreatedEvent] {"clientVersion":"3.2.1","clientGitHash":"${buildNumber}","coreVersion":"2.2.1","coreGitHash":"${buildNumber}","userAgent":"couchbase-java/3.2.1 (Windows 10 10.0 amd64; OpenJDK 64-Bit Server VM 17+35-2724)","maxNumRequestsInRetry":32768,"ioEnvironment":{"nativeIoEnabled":true,"eventLoopThreadCount":4,"eventLoopGroups":["NioEventLoopGroup"]},"ioConfig":{"captureTraffic":[],"mutationTokensEnabled":true,"networkResolution":"auto","dnsSrvEnabled":true,"tcpKeepAlivesEnabled":true,"tcpKeepAliveTimeMs":60000,"configPollIntervalMs":2500,"kvCircuitBreakerConfig":"disabled","queryCircuitBreakerConfig":"disabled","viewCircuitBreakerConfig":"disabled","searchCircuitBreakerConfig":"disabled","analyticsCircuitBreakerConfig":"disabled","managerCircuitBreakerConfig":"disabled","eventingCircuitBreakerConfig":"disabled","numKvConnections":1,"maxHttpConnections":12,"idleHttpConnectionTimeoutMs":4500,"configIdleRedialTimeoutMs":300000,"memcachedHashingStrategy":"StandardMemcachedHashingStrategy"},"compressionConfig":{"enabled":true,"minRatio":0.83,"minSize":32},"securityConfig":{"tlsEnabled":false,"nativeTlsEnabled":true,"hostnameVerificationEnabled":true,"hasTrustCertificates":false,"trustManagerFactory":null,"ciphers":[]},"timeoutConfig":{"kvMs":2500,"kvDurableMs":10000,"managementMs":75000,"queryMs":75000,"viewMs":75000,"searchMs":75000,"analyticsMs":75000,"connectMs":10000,"disconnectMs":10000,"eventingMs":75000},"loggerConfig":{"customLogger":null,"fallbackToConsole":false,"consoleLogLevel":{"name":"INFO","resourceBundleName":"sun.util.logging.resources.logging","localizedName":"INFO"},"disableSlf4j":false,"loggerName":"CouchbaseLogger","diagnosticContextEnabled":false},"orphanReporterConfig":{"emitIntervalMs":10000,"sampleSize":10,"queueLength":1024,"enabled":true},"thresholdLoggingTracerConfig":{"enabled":true,"emitIntervalMs":10000,"sampleSize":10,"queueLength":1024,"kvThresholdMs":500,"queryThresholdMs":1000,"searchThresholdMs":1000,"analyticsThresholdMs":1000,"viewThresholdMs":1000},"loggingMeterConfig":{"enabled":true,"emitIntervalMs":600000},"retryStrategy":"BestEffortRetryStrategy","requestTracer":"ThresholdLoggingTracer","meter":"LoggingMeter","numRequestCallbacks":0} {"coreId":"0xaaf4149500000006","seedNodes":[{"address":"127.0.0.1"}]}
2022-03-12 11:29:45 INFO  node:537 - [com.couchbase.node][NodeConnectedEvent] Node connected {"coreId":"0xaaf4149500000006","managerPort":"8091","remote":"127.0.0.1"}
2022-03-12 11:29:46 INFO  node:537 - [com.couchbase.node][NodeDisconnectedEvent][198us] Node disconnected {"coreId":"0xaaf4149500000006","managerPort":"8091","remote":"127.0.0.1"}
2022-03-12 11:29:46 INFO  core:537 - [com.couchbase.core][ShutdownCompletedEvent][11ms] Completed shutdown and closed all open buckets {"coreId":"0xaaf4149500000006"}
]]></system-err>
  </testcase>
  <testcase name="testConfusingMoviesQuery" classname="QueryOutputFormatTest" time="0.511">
    <system-err><![CDATA[2022-03-12 11:29:46 INFO  core:537 - [com.couchbase.core][CoreCreatedEvent] {"clientVersion":"3.2.1","clientGitHash":"${buildNumber}","coreVersion":"2.2.1","coreGitHash":"${buildNumber}","userAgent":"couchbase-java/3.2.1 (Windows 10 10.0 amd64; OpenJDK 64-Bit Server VM 17+35-2724)","maxNumRequestsInRetry":32768,"ioEnvironment":{"nativeIoEnabled":true,"eventLoopThreadCount":4,"eventLoopGroups":["NioEventLoopGroup"]},"ioConfig":{"captureTraffic":[],"mutationTokensEnabled":true,"networkResolution":"auto","dnsSrvEnabled":true,"tcpKeepAlivesEnabled":true,"tcpKeepAliveTimeMs":60000,"configPollIntervalMs":2500,"kvCircuitBreakerConfig":"disabled","queryCircuitBreakerConfig":"disabled","viewCircuitBreakerConfig":"disabled","searchCircuitBreakerConfig":"disabled","analyticsCircuitBreakerConfig":"disabled","managerCircuitBreakerConfig":"disabled","eventingCircuitBreakerConfig":"disabled","numKvConnections":1,"maxHttpConnections":12,"idleHttpConnectionTimeoutMs":4500,"configIdleRedialTimeoutMs":300000,"memcachedHashingStrategy":"StandardMemcachedHashingStrategy"},"compressionConfig":{"enabled":true,"minRatio":0.83,"minSize":32},"securityConfig":{"tlsEnabled":false,"nativeTlsEnabled":true,"hostnameVerificationEnabled":true,"hasTrustCertificates":false,"trustManagerFactory":null,"ciphers":[]},"timeoutConfig":{"kvMs":2500,"kvDurableMs":10000,"managementMs":75000,"queryMs":75000,"viewMs":75000,"searchMs":75000,"analyticsMs":75000,"connectMs":10000,"disconnectMs":10000,"eventingMs":75000},"loggerConfig":{"customLogger":null,"fallbackToConsole":false,"consoleLogLevel":{"name":"INFO","resourceBundleName":"sun.util.logging.resources.logging","localizedName":"INFO"},"disableSlf4j":false,"loggerName":"CouchbaseLogger","diagnosticContextEnabled":false},"orphanReporterConfig":{"emitIntervalMs":10000,"sampleSize":10,"queueLength":1024,"enabled":true},"thresholdLoggingTracerConfig":{"enabled":true,"emitIntervalMs":10000,"sampleSize":10,"queueLength":1024,"kvThresholdMs":500,"queryThresholdMs":1000,"searchThresholdMs":1000,"analyticsThresholdMs":1000,"viewThresholdMs":1000},"loggingMeterConfig":{"enabled":true,"emitIntervalMs":600000},"retryStrategy":"BestEffortRetryStrategy","requestTracer":"ThresholdLoggingTracer","meter":"LoggingMeter","numRequestCallbacks":0} {"coreId":"0xaaf4149500000007","seedNodes":[{"address":"127.0.0.1"}]}
2022-03-12 11:29:46 INFO  node:537 - [com.couchbase.node][NodeConnectedEvent] Node connected {"coreId":"0xaaf4149500000007","managerPort":"8091","remote":"127.0.0.1"}
2022-03-12 11:29:46 INFO  node:537 - [com.couchbase.node][NodeDisconnectedEvent][197us] Node disconnected {"coreId":"0xaaf4149500000007","managerPort":"8091","remote":"127.0.0.1"}
2022-03-12 11:29:46 INFO  core:537 - [com.couchbase.core][ShutdownCompletedEvent][11ms] Completed shutdown and closed all open buckets {"coreId":"0xaaf4149500000007"}
]]></system-err>
  </testcase>
  <testcase name="testNightMoviesQuery" classname="QueryOutputFormatTest" time="1.911">
    <failure type="java.lang.AssertionError"><![CDATA[java.lang.AssertionError: 

Expecting ArrayList:
  ["title"]
to contain only:
  ["movie_id", "title"]
but could not find the following element(s):
  ["movie_id"]

	at QueryOutputFormatTest.testNightMoviesQuery(QueryOutputFormatTest.java:142)
]]></failure>
    <system-err><![CDATA[2022-03-12 11:29:47 INFO  core:537 - [com.couchbase.core][CoreCreatedEvent] {"clientVersion":"3.2.1","clientGitHash":"${buildNumber}","coreVersion":"2.2.1","coreGitHash":"${buildNumber}","userAgent":"couchbase-java/3.2.1 (Windows 10 10.0 amd64; OpenJDK 64-Bit Server VM 17+35-2724)","maxNumRequestsInRetry":32768,"ioEnvironment":{"nativeIoEnabled":true,"eventLoopThreadCount":4,"eventLoopGroups":["NioEventLoopGroup"]},"ioConfig":{"captureTraffic":[],"mutationTokensEnabled":true,"networkResolution":"auto","dnsSrvEnabled":true,"tcpKeepAlivesEnabled":true,"tcpKeepAliveTimeMs":60000,"configPollIntervalMs":2500,"kvCircuitBreakerConfig":"disabled","queryCircuitBreakerConfig":"disabled","viewCircuitBreakerConfig":"disabled","searchCircuitBreakerConfig":"disabled","analyticsCircuitBreakerConfig":"disabled","managerCircuitBreakerConfig":"disabled","eventingCircuitBreakerConfig":"disabled","numKvConnections":1,"maxHttpConnections":12,"idleHttpConnectionTimeoutMs":4500,"configIdleRedialTimeoutMs":300000,"memcachedHashingStrategy":"StandardMemcachedHashingStrategy"},"compressionConfig":{"enabled":true,"minRatio":0.83,"minSize":32},"securityConfig":{"tlsEnabled":false,"nativeTlsEnabled":true,"hostnameVerificationEnabled":true,"hasTrustCertificates":false,"trustManagerFactory":null,"ciphers":[]},"timeoutConfig":{"kvMs":2500,"kvDurableMs":10000,"managementMs":75000,"queryMs":75000,"viewMs":75000,"searchMs":75000,"analyticsMs":75000,"connectMs":10000,"disconnectMs":10000,"eventingMs":75000},"loggerConfig":{"customLogger":null,"fallbackToConsole":false,"consoleLogLevel":{"name":"INFO","resourceBundleName":"sun.util.logging.resources.logging","localizedName":"INFO"},"disableSlf4j":false,"loggerName":"CouchbaseLogger","diagnosticContextEnabled":false},"orphanReporterConfig":{"emitIntervalMs":10000,"sampleSize":10,"queueLength":1024,"enabled":true},"thresholdLoggingTracerConfig":{"enabled":true,"emitIntervalMs":10000,"sampleSize":10,"queueLength":1024,"kvThresholdMs":500,"queryThresholdMs":1000,"searchThresholdMs":1000,"analyticsThresholdMs":1000,"viewThresholdMs":1000},"loggingMeterConfig":{"enabled":true,"emitIntervalMs":600000},"retryStrategy":"BestEffortRetryStrategy","requestTracer":"ThresholdLoggingTracer","meter":"LoggingMeter","numRequestCallbacks":0} {"coreId":"0xaaf4149500000008","seedNodes":[{"address":"127.0.0.1"}]}
2022-03-12 11:29:47 INFO  node:537 - [com.couchbase.node][NodeConnectedEvent] Node connected {"coreId":"0xaaf4149500000008","managerPort":"8091","remote":"127.0.0.1"}
2022-03-12 11:29:48 INFO  node:537 - [com.couchbase.node][NodeDisconnectedEvent][193us] Node disconnected {"coreId":"0xaaf4149500000008","managerPort":"8091","remote":"127.0.0.1"}
2022-03-12 11:29:48 INFO  core:537 - [com.couchbase.core][ShutdownCompletedEvent][11ms] Completed shutdown and closed all open buckets {"coreId":"0xaaf4149500000008"}
]]></system-err>
  </testcase>
  <testcase name="testGetCollectionNamesQuery" classname="QueryOutputFormatTest" time="0.135">
    <system-err><![CDATA[2022-03-12 11:29:48 INFO  core:537 - [com.couchbase.core][CoreCreatedEvent] {"clientVersion":"3.2.1","clientGitHash":"${buildNumber}","coreVersion":"2.2.1","coreGitHash":"${buildNumber}","userAgent":"couchbase-java/3.2.1 (Windows 10 10.0 amd64; OpenJDK 64-Bit Server VM 17+35-2724)","maxNumRequestsInRetry":32768,"ioEnvironment":{"nativeIoEnabled":true,"eventLoopThreadCount":4,"eventLoopGroups":["NioEventLoopGroup"]},"ioConfig":{"captureTraffic":[],"mutationTokensEnabled":true,"networkResolution":"auto","dnsSrvEnabled":true,"tcpKeepAlivesEnabled":true,"tcpKeepAliveTimeMs":60000,"configPollIntervalMs":2500,"kvCircuitBreakerConfig":"disabled","queryCircuitBreakerConfig":"disabled","viewCircuitBreakerConfig":"disabled","searchCircuitBreakerConfig":"disabled","analyticsCircuitBreakerConfig":"disabled","managerCircuitBreakerConfig":"disabled","eventingCircuitBreakerConfig":"disabled","numKvConnections":1,"maxHttpConnections":12,"idleHttpConnectionTimeoutMs":4500,"configIdleRedialTimeoutMs":300000,"memcachedHashingStrategy":"StandardMemcachedHashingStrategy"},"compressionConfig":{"enabled":true,"minRatio":0.83,"minSize":32},"securityConfig":{"tlsEnabled":false,"nativeTlsEnabled":true,"hostnameVerificationEnabled":true,"hasTrustCertificates":false,"trustManagerFactory":null,"ciphers":[]},"timeoutConfig":{"kvMs":2500,"kvDurableMs":10000,"managementMs":75000,"queryMs":75000,"viewMs":75000,"searchMs":75000,"analyticsMs":75000,"connectMs":10000,"disconnectMs":10000,"eventingMs":75000},"loggerConfig":{"customLogger":null,"fallbackToConsole":false,"consoleLogLevel":{"name":"INFO","resourceBundleName":"sun.util.logging.resources.logging","localizedName":"INFO"},"disableSlf4j":false,"loggerName":"CouchbaseLogger","diagnosticContextEnabled":false},"orphanReporterConfig":{"emitIntervalMs":10000,"sampleSize":10,"queueLength":1024,"enabled":true},"thresholdLoggingTracerConfig":{"enabled":true,"emitIntervalMs":10000,"sampleSize":10,"queueLength":1024,"kvThresholdMs":500,"queryThresholdMs":1000,"searchThresholdMs":1000,"analyticsThresholdMs":1000,"viewThresholdMs":1000},"loggingMeterConfig":{"enabled":true,"emitIntervalMs":600000},"retryStrategy":"BestEffortRetryStrategy","requestTracer":"ThresholdLoggingTracer","meter":"LoggingMeter","numRequestCallbacks":0} {"coreId":"0xaaf4149500000009","seedNodes":[{"address":"127.0.0.1"}]}
2022-03-12 11:29:48 INFO  node:537 - [com.couchbase.node][NodeConnectedEvent] Node connected {"coreId":"0xaaf4149500000009","managerPort":"8091","remote":"127.0.0.1"}
2022-03-12 11:29:48 INFO  node:537 - [com.couchbase.node][NodeDisconnectedEvent][253us] Node disconnected {"coreId":"0xaaf4149500000009","managerPort":"8091","remote":"127.0.0.1"}
2022-03-12 11:29:48 INFO  core:537 - [com.couchbase.core][ShutdownCompletedEvent][11ms] Completed shutdown and closed all open buckets {"coreId":"0xaaf4149500000009"}
]]></system-err>
  </testcase>
  <testcase name="testCommentsOfDirector1Query" classname="QueryOutputFormatTest" time="0.115">
    <error type="com.couchbase.client.core.error.ParsingFailureException"><![CDATA[com.couchbase.client.core.error.ParsingFailureException: Parsing of the input failed {"completed":true,"coreId":"0xaaf414950000000a","errors":[{"code":3000,"message":"Ambiguous reference to field comments."}],"idempotent":false,"lastDispatchedFrom":"127.0.0.1:52276","lastDispatchedTo":"127.0.0.1:8093","requestId":21,"requestType":"QueryRequest","retried":3,"retryReasons":["GLOBAL_CONFIG_LOAD_IN_PROGRESS"],"service":{"operationId":"f0b4876e-39ec-4563-a3e7-3111ec408777","statement":"SELECT comments.text\nFROM `mflix-sample`._default.commentsINNER JOIN `mflix-sample`._default.movies\nON comments.movie_id = movies._id\nWHERE \"Woody Allen\" IN movies.directors;","type":"query"},"timeoutMs":75000,"timings":{"dispatchMicros":3630,"totalDispatchMicros":3630,"totalMicros":56876}}
	at QueryOutputFormatTest.testCommentsOfDirector1Query(QueryOutputFormatTest.java:115)
]]></error>
    <system-err><![CDATA[2022-03-12 11:29:49 INFO  core:537 - [com.couchbase.core][CoreCreatedEvent] {"clientVersion":"3.2.1","clientGitHash":"${buildNumber}","coreVersion":"2.2.1","coreGitHash":"${buildNumber}","userAgent":"couchbase-java/3.2.1 (Windows 10 10.0 amd64; OpenJDK 64-Bit Server VM 17+35-2724)","maxNumRequestsInRetry":32768,"ioEnvironment":{"nativeIoEnabled":true,"eventLoopThreadCount":4,"eventLoopGroups":["NioEventLoopGroup"]},"ioConfig":{"captureTraffic":[],"mutationTokensEnabled":true,"networkResolution":"auto","dnsSrvEnabled":true,"tcpKeepAlivesEnabled":true,"tcpKeepAliveTimeMs":60000,"configPollIntervalMs":2500,"kvCircuitBreakerConfig":"disabled","queryCircuitBreakerConfig":"disabled","viewCircuitBreakerConfig":"disabled","searchCircuitBreakerConfig":"disabled","analyticsCircuitBreakerConfig":"disabled","managerCircuitBreakerConfig":"disabled","eventingCircuitBreakerConfig":"disabled","numKvConnections":1,"maxHttpConnections":12,"idleHttpConnectionTimeoutMs":4500,"configIdleRedialTimeoutMs":300000,"memcachedHashingStrategy":"StandardMemcachedHashingStrategy"},"compressionConfig":{"enabled":true,"minRatio":0.83,"minSize":32},"securityConfig":{"tlsEnabled":false,"nativeTlsEnabled":true,"hostnameVerificationEnabled":true,"hasTrustCertificates":false,"trustManagerFactory":null,"ciphers":[]},"timeoutConfig":{"kvMs":2500,"kvDurableMs":10000,"managementMs":75000,"queryMs":75000,"viewMs":75000,"searchMs":75000,"analyticsMs":75000,"connectMs":10000,"disconnectMs":10000,"eventingMs":75000},"loggerConfig":{"customLogger":null,"fallbackToConsole":false,"consoleLogLevel":{"name":"INFO","resourceBundleName":"sun.util.logging.resources.logging","localizedName":"INFO"},"disableSlf4j":false,"loggerName":"CouchbaseLogger","diagnosticContextEnabled":false},"orphanReporterConfig":{"emitIntervalMs":10000,"sampleSize":10,"queueLength":1024,"enabled":true},"thresholdLoggingTracerConfig":{"enabled":true,"emitIntervalMs":10000,"sampleSize":10,"queueLength":1024,"kvThresholdMs":500,"queryThresholdMs":1000,"searchThresholdMs":1000,"analyticsThresholdMs":1000,"viewThresholdMs":1000},"loggingMeterConfig":{"enabled":true,"emitIntervalMs":600000},"retryStrategy":"BestEffortRetryStrategy","requestTracer":"ThresholdLoggingTracer","meter":"LoggingMeter","numRequestCallbacks":0} {"coreId":"0xaaf414950000000a","seedNodes":[{"address":"127.0.0.1"}]}
2022-03-12 11:29:49 INFO  node:537 - [com.couchbase.node][NodeConnectedEvent] Node connected {"coreId":"0xaaf414950000000a","managerPort":"8091","remote":"127.0.0.1"}
2022-03-12 11:29:49 INFO  node:537 - [com.couchbase.node][NodeDisconnectedEvent][174us] Node disconnected {"coreId":"0xaaf414950000000a","managerPort":"8091","remote":"127.0.0.1"}
2022-03-12 11:29:49 INFO  core:537 - [com.couchbase.core][ShutdownCompletedEvent][11ms] Completed shutdown and closed all open buckets {"coreId":"0xaaf414950000000a"}
]]></system-err>
  </testcase>
  <testcase name="testCommentsOfDirector2Query" classname="QueryOutputFormatTest" time="1.465">
    <failure type="java.lang.AssertionError"><![CDATA[java.lang.AssertionError: 

Expecting ArrayList:
  ["text"]
to contain only:
  ["movie_id", "text"]
but could not find the following element(s):
  ["movie_id"]

	at QueryOutputFormatTest.testCommentsOfDirector2Query(QueryOutputFormatTest.java:128)
]]></failure>
    <system-err><![CDATA[2022-03-12 11:29:49 INFO  core:537 - [com.couchbase.core][CoreCreatedEvent] {"clientVersion":"3.2.1","clientGitHash":"${buildNumber}","coreVersion":"2.2.1","coreGitHash":"${buildNumber}","userAgent":"couchbase-java/3.2.1 (Windows 10 10.0 amd64; OpenJDK 64-Bit Server VM 17+35-2724)","maxNumRequestsInRetry":32768,"ioEnvironment":{"nativeIoEnabled":true,"eventLoopThreadCount":4,"eventLoopGroups":["NioEventLoopGroup"]},"ioConfig":{"captureTraffic":[],"mutationTokensEnabled":true,"networkResolution":"auto","dnsSrvEnabled":true,"tcpKeepAlivesEnabled":true,"tcpKeepAliveTimeMs":60000,"configPollIntervalMs":2500,"kvCircuitBreakerConfig":"disabled","queryCircuitBreakerConfig":"disabled","viewCircuitBreakerConfig":"disabled","searchCircuitBreakerConfig":"disabled","analyticsCircuitBreakerConfig":"disabled","managerCircuitBreakerConfig":"disabled","eventingCircuitBreakerConfig":"disabled","numKvConnections":1,"maxHttpConnections":12,"idleHttpConnectionTimeoutMs":4500,"configIdleRedialTimeoutMs":300000,"memcachedHashingStrategy":"StandardMemcachedHashingStrategy"},"compressionConfig":{"enabled":true,"minRatio":0.83,"minSize":32},"securityConfig":{"tlsEnabled":false,"nativeTlsEnabled":true,"hostnameVerificationEnabled":true,"hasTrustCertificates":false,"trustManagerFactory":null,"ciphers":[]},"timeoutConfig":{"kvMs":2500,"kvDurableMs":10000,"managementMs":75000,"queryMs":75000,"viewMs":75000,"searchMs":75000,"analyticsMs":75000,"connectMs":10000,"disconnectMs":10000,"eventingMs":75000},"loggerConfig":{"customLogger":null,"fallbackToConsole":false,"consoleLogLevel":{"name":"INFO","resourceBundleName":"sun.util.logging.resources.logging","localizedName":"INFO"},"disableSlf4j":false,"loggerName":"CouchbaseLogger","diagnosticContextEnabled":false},"orphanReporterConfig":{"emitIntervalMs":10000,"sampleSize":10,"queueLength":1024,"enabled":true},"thresholdLoggingTracerConfig":{"enabled":true,"emitIntervalMs":10000,"sampleSize":10,"queueLength":1024,"kvThresholdMs":500,"queryThresholdMs":1000,"searchThresholdMs":1000,"analyticsThresholdMs":1000,"viewThresholdMs":1000},"loggingMeterConfig":{"enabled":true,"emitIntervalMs":600000},"retryStrategy":"BestEffortRetryStrategy","requestTracer":"ThresholdLoggingTracer","meter":"LoggingMeter","numRequestCallbacks":0} {"coreId":"0xaaf414950000000b","seedNodes":[{"address":"127.0.0.1"}]}
2022-03-12 11:29:49 INFO  node:537 - [com.couchbase.node][NodeConnectedEvent] Node connected {"coreId":"0xaaf414950000000b","managerPort":"8091","remote":"127.0.0.1"}
2022-03-12 11:29:50 INFO  node:537 - [com.couchbase.node][NodeDisconnectedEvent][141us] Node disconnected {"coreId":"0xaaf414950000000b","managerPort":"8091","remote":"127.0.0.1"}
2022-03-12 11:29:50 INFO  core:537 - [com.couchbase.core][ShutdownCompletedEvent][11ms] Completed shutdown and closed all open buckets {"coreId":"0xaaf414950000000b"}
]]></system-err>
  </testcase>
</testsuite>